<?xml version="1.0" encoding="UTF-8"?>
<!-- Generated by org.testng.reporters.JUnitReportReporter -->
<testsuite hostname="DESKTOP-86HG8TK" failures="0" tests="1" name="com.obsqura.tests.ManagePaymentMethod" time="10.987" errors="0" timestamp="2023-09-19T20:02:13 IST" skipped="0">
  <testcase classname="com.obsqura.tests.ManagePaymentMethod" name="ManangePaymentMethod" time="10.987"/>
  <system-out/>
</testsuite> <!-- com.obsqura.tests.ManagePaymentMethod -->
