<?xml version="1.0" encoding="UTF-8"?>
<!-- Generated by org.testng.reporters.JUnitReportReporter -->
<testsuite hostname="PQA-0591LT" failures="0" tests="1" name="com.obsqura.tests.LatestTest" time="0.516" errors="0" timestamp="2023-09-10T12:02:50 EDT" skipped="0">
  <testcase classname="com.obsqura.tests.LatestTest" name="mYtEST" time="0.516"/>
  <system-out/>
</testsuite> <!-- com.obsqura.tests.LatestTest -->
