<?xml version="1.0" encoding="UTF-8"?>
<!-- Generated by org.testng.reporters.JUnitReportReporter -->
<testsuite hostname="DESKTOP-86HG8TK" failures="0" tests="1" name="com.obsqura.tests.ManageLocation" time="11.307" errors="0" timestamp="2023-09-19T20:02:13 IST" skipped="0">
  <testcase classname="com.obsqura.tests.ManageLocation" name="MyManageLocationTest" time="11.307"/>
  <system-out/>
</testsuite> <!-- com.obsqura.tests.ManageLocation -->
