<?xml version="1.0" encoding="UTF-8"?>
<!-- Generated by org.testng.reporters.JUnitReportReporter -->
<testsuite hostname="DESKTOP-86HG8TK" failures="0" tests="1" name="com.obsqura.tests.CreateandDeleteExpense" time="20.863" errors="0" timestamp="2023-09-19T22:52:52 IST" skipped="0">
  <testcase classname="com.obsqura.tests.CreateandDeleteExpense" name="MyCreateDeleteExpense" time="20.863"/>
  <system-out/>
</testsuite> <!-- com.obsqura.tests.CreateandDeleteExpense -->
